<?xml version="1.0" encoding="UTF-8"?>
<robot generator="Robot 6.0 (Python 3.10.4 on win32)" generated="20221031 15:04:54.365" rpa="false" schemaversion="3">
<suite id="s1" name="Search" source="D:\PycharmProject\RBFramework\Tests\search.robot">
<test id="s1-t1" name="This is a demo test" line="10">
<kw name="Open Browser" library="SeleniumLibrary">
<arg>${url}</arg>
<arg>${browser}</arg>
<doc>Opens a new browser instance to the optional ``url``.</doc>
<msg timestamp="20221031 15:04:54.601" level="INFO">Opening browser 'chrome' to base url 'https://qa.applivetest.com/Login/'.</msg>
<msg timestamp="20221031 15:04:54.626" level="INFO">Cannot capture screenshot because no browser is open.</msg>
<msg timestamp="20221031 15:04:54.626" level="FAIL">WebDriverException: Message: 'chromedriver' executable needs to be in PATH. Please see https://chromedriver.chromium.org/home
</msg>
<status status="FAIL" starttime="20221031 15:04:54.601" endtime="20221031 15:04:54.642"/>
</kw>
<kw name="Maximize Browser Window" library="SeleniumLibrary">
<doc>Maximizes current browser window.</doc>
<status status="NOT RUN" starttime="20221031 15:04:54.642" endtime="20221031 15:04:54.642"/>
</kw>
<kw name="Login to application without username">
<status status="NOT RUN" starttime="20221031 15:04:54.658" endtime="20221031 15:04:54.658"/>
</kw>
<doc>Ebay test for search element</doc>
<tag>Functional</tag>
<status status="FAIL" starttime="20221031 15:04:54.601" endtime="20221031 15:04:54.658">WebDriverException: Message: 'chromedriver' executable needs to be in PATH. Please see https://chromedriver.chromium.org/home
</status>
</test>
<test id="s1-t2" name="This is Login test" line="19">
<kw name="Open Browser" library="SeleniumLibrary">
<arg>${url}</arg>
<arg>${browser}</arg>
<doc>Opens a new browser instance to the optional ``url``.</doc>
<msg timestamp="20221031 15:04:54.659" level="INFO">Opening browser 'chrome' to base url 'https://qa.applivetest.com/Login/'.</msg>
<msg timestamp="20221031 15:04:54.659" level="INFO">Cannot capture screenshot because no browser is open.</msg>
<msg timestamp="20221031 15:04:54.659" level="FAIL">WebDriverException: Message: 'chromedriver' executable needs to be in PATH. Please see https://chromedriver.chromium.org/home
</msg>
<status status="FAIL" starttime="20221031 15:04:54.659" endtime="20221031 15:04:54.659"/>
</kw>
<kw name="Maximize Browser Window" library="SeleniumLibrary">
<doc>Maximizes current browser window.</doc>
<status status="NOT RUN" starttime="20221031 15:04:54.659" endtime="20221031 15:04:54.659"/>
</kw>
<kw name="Login to application successfully">
<status status="NOT RUN" starttime="20221031 15:04:54.659" endtime="20221031 15:04:54.659"/>
</kw>
<status status="FAIL" starttime="20221031 15:04:54.659" endtime="20221031 15:04:54.659">WebDriverException: Message: 'chromedriver' executable needs to be in PATH. Please see https://chromedriver.chromium.org/home
</status>
</test>
<status status="FAIL" starttime="20221031 15:04:54.380" endtime="20221031 15:04:54.669"/>
</suite>
<statistics>
<total>
<stat pass="0" fail="2" skip="0">All Tests</stat>
</total>
<tag>
<stat pass="0" fail="1" skip="0">Functional</stat>
</tag>
<suite>
<stat pass="0" fail="2" skip="0" id="s1" name="Search">Search</stat>
</suite>
</statistics>
<errors>
</errors>
</robot>
