<?xml version="1.0" encoding="UTF-8"?>
<robot generator="Robot 6.0 (Python 3.10.4 on win32)" generated="20221031 14:49:55.548" rpa="false" schemaversion="3">
<suite id="s1" name="Search" source="D:\PycharmProject\RBFramework\Tests\search.robot">
<test id="s1-t1" name="This is a demo test" line="10">
<kw name="Open Browser">
<arg>${url}</arg>
<arg>${browser}</arg>
<msg timestamp="20221031 14:49:55.579" level="FAIL">No keyword with name 'Open Browser' found.</msg>
<status status="FAIL" starttime="20221031 14:49:55.579" endtime="20221031 14:49:55.579"/>
</kw>
<kw name="Maximize Browser Window">
<status status="NOT RUN" starttime="20221031 14:49:55.579" endtime="20221031 14:49:55.579"/>
</kw>
<kw name="Login to application without username">
<status status="NOT RUN" starttime="20221031 14:49:55.579" endtime="20221031 14:49:55.579"/>
</kw>
<doc>Ebay test for search element</doc>
<tag>Functional</tag>
<status status="FAIL" starttime="20221031 14:49:55.579" endtime="20221031 14:49:55.579">No keyword with name 'Open Browser' found.</status>
</test>
<test id="s1-t2" name="This is Login test" line="19">
<kw name="Open Browser">
<arg>${url}</arg>
<arg>${browser}</arg>
<msg timestamp="20221031 14:49:55.579" level="FAIL">No keyword with name 'Open Browser' found.</msg>
<status status="FAIL" starttime="20221031 14:49:55.579" endtime="20221031 14:49:55.579"/>
</kw>
<kw name="Maximize Browser Window">
<status status="NOT RUN" starttime="20221031 14:49:55.579" endtime="20221031 14:49:55.579"/>
</kw>
<kw name="Login to application successfully">
<status status="NOT RUN" starttime="20221031 14:49:55.579" endtime="20221031 14:49:55.579"/>
</kw>
<status status="FAIL" starttime="20221031 14:49:55.579" endtime="20221031 14:49:55.579">No keyword with name 'Open Browser' found.</status>
</test>
<status status="FAIL" starttime="20221031 14:49:55.548" endtime="20221031 14:49:55.579"/>
</suite>
<statistics>
<total>
<stat pass="0" fail="2" skip="0">All Tests</stat>
</total>
<tag>
<stat pass="0" fail="1" skip="0">Functional</stat>
</tag>
<suite>
<stat pass="0" fail="2" skip="0" id="s1" name="Search">Search</stat>
</suite>
</statistics>
<errors>
<msg timestamp="20221031 14:49:55.579" level="ERROR">Error in file 'D:\PycharmProject\RBFramework\Tests\search.robot' on line 3: Importing library 'SeleniumLibrary' failed: ModuleNotFoundError: No module named 'SeleniumLibrary'
Traceback (most recent call last):
  None
PYTHONPATH:
  C:\Python310\Scripts\robot.exe
  C:\Python310\python310.zip
  C:\Python310\DLLs
  C:\Python310\lib
  C:\Python310
  C:\Python310\lib\site-packages
  C:\Python310\lib\site-packages\win32
  C:\Python310\lib\site-packages\win32\lib
  C:\Python310\lib\site-packages\Pythonwin</msg>
</errors>
</robot>
